#
# A fatal error has been detected by the Java Runtime Environment:
#
#  EXCEPTION_ACCESS_VIOLATION (0xc0000005) at pc=0x00007ffd5e6ac2a7, pid=10864, tid=5440
#
# JRE version: OpenJDK Runtime Environment (23.0.1+11) (build 23.0.1+11-39)
# Java VM: OpenJDK 64-Bit Server VM (23.0.1+11-39, mixed mode, sharing, tiered, compressed oops, compressed class ptrs, g1 gc, windows-amd64)
# Problematic frame:
# V  [jvm.dll+0xc2a7]
#
# No core dump will be written. Minidumps are not enabled by default on client versions of Windows
#
# If you would like to submit a bug report, please visit:
#   https://bugreport.java.com/bugreport/crash.jsp
#

---------------  S U M M A R Y ------------

Command Line: -Dnet.bytebuddy.agent.attacher.dump= net.bytebuddy.agent.Attacher com.sun.tools.attach.VirtualMachine 8056 C:\Users\haras\.m2\repository\net\bytebuddy\byte-buddy-agent\1.14.19\byte-buddy-agent-1.14.19.jar false 

Host: Intel(R) Core(TM) i5-3470 CPU @ 3.20GHz, 4 cores, 7G,  Windows 10 , 64 bit Build 19041 (10.0.19041.4957)
Time: Thu Oct 31 16:45:25 2024  Windows 10 , 64 bit Build 19041 (10.0.19041.4957) elapsed time: 0.432642 seconds (0d 0h 0m 0s)

---------------  T H R E A D  ---------------

Current thread (0x000002177be698d0):  JavaThread "main"             [_thread_in_vm, id=5440, stack(0x0000001f08900000,0x0000001f08a00000) (1024K)]

Stack: [0x0000001f08900000,0x0000001f08a00000],  sp=0x0000001f089fc300,  free space=1008k
Native frames: (J=compiled Java code, j=interpreted, Vv=VM code, C=native code)
V  [jvm.dll+0xc2a7]  (no source info available)
V  [jvm.dll+0x68fbd5]  (no source info available)
V  [jvm.dll+0x3c0fd4]  (no source info available)
V  [jvm.dll+0x3bfd37]  (no source info available)
V  [jvm.dll+0x3bfcd8]  (no source info available)
V  [jvm.dll+0x3e1378]  (no source info available)
V  [jvm.dll+0x729b3a]  (no source info available)
V  [jvm.dll+0x480b6c]  (no source info available)
C  0x000002170fbad187  (no source info available)

The last pc belongs to native method entry point (kind = native) (printed below).
Java frames: (J=compiled Java code, j=interpreted, Vv=VM code)
j  java.lang.Class.getDeclaredFields0(Z)[Ljava/lang/reflect/Field;+0 java.base@23.0.1
j  java.lang.Class.privateGetDeclaredFields(Z)[Ljava/lang/reflect/Field;+34 java.base@23.0.1
j  java.lang.Class.getDeclaredField(Ljava/lang/String;)Ljava/lang/reflect/Field;+25 java.base@23.0.1
j  java.util.Random.<clinit>()V+78 java.base@23.0.1
v  ~StubRoutines::call_stub 0x000002170fba0fcd
j  java.lang.ProcessHandleImpl.lambda$static$1()Ljava/util/concurrent/Executor;+0 java.base@23.0.1
j  java.lang.ProcessHandleImpl$$Lambda+0x000002171d049ab8.run()Ljava/lang/Object;+0 java.base@23.0.1
j  java.security.AccessController.executePrivileged(Ljava/security/PrivilegedAction;Ljava/security/AccessControlContext;Ljava/lang/Class;)Ljava/lang/Object;+29 java.base@23.0.1
j  java.security.AccessController.doPrivileged(Ljava/security/PrivilegedAction;)Ljava/lang/Object;+5 java.base@23.0.1
j  java.lang.ProcessHandleImpl.<clinit>()V+37 java.base@23.0.1
v  ~StubRoutines::call_stub 0x000002170fba0fcd
j  java.lang.ProcessHandle.current()Ljava/lang/ProcessHandle;+0 java.base@23.0.1
j  sun.tools.attach.HotSpotVirtualMachine.lambda$pid$0()Ljava/lang/ProcessHandle;+0 jdk.attach@23.0.1
j  sun.tools.attach.HotSpotVirtualMachine$$Lambda+0x000002171d00fb20.run()Ljava/lang/Object;+0 jdk.attach@23.0.1
j  java.security.AccessController.executePrivileged(Ljava/security/PrivilegedAction;Ljava/security/AccessControlContext;Ljava/lang/Class;)Ljava/lang/Object;+29 java.base@23.0.1
j  java.security.AccessController.doPrivileged(Ljava/security/PrivilegedAction;)Ljava/lang/Object;+5 java.base@23.0.1
j  sun.tools.attach.HotSpotVirtualMachine.pid()J+7 jdk.attach@23.0.1
j  sun.tools.attach.HotSpotVirtualMachine.<clinit>()V+0 jdk.attach@23.0.1
v  ~StubRoutines::call_stub 0x000002170fba0fcd
j  sun.tools.attach.AttachProviderImpl.attachVirtualMachine(Ljava/lang/String;)Lcom/sun/tools/attach/VirtualMachine;+9 jdk.attach@23.0.1
j  com.sun.tools.attach.VirtualMachine.attach(Ljava/lang/String;)Lcom/sun/tools/attach/VirtualMachine;+69 jdk.attach@23.0.1
j  java.lang.invoke.DirectMethodHandle$Holder.invokeStatic(Ljava/lang/Object;Ljava/lang/Object;)Ljava/lang/Object;+10 java.base@23.0.1
j  java.lang.invoke.LambdaForm$MH+0x000002171d002800.invoke(Ljava/lang/Object;Ljava/lang/Object;Ljava/lang/Object;)Ljava/lang/Object;+33 java.base@23.0.1
j  java.lang.invoke.Invokers$Holder.invokeExact_MT(Ljava/lang/Object;Ljava/lang/Object;Ljava/lang/Object;Ljava/lang/Object;)Ljava/lang/Object;+20 java.base@23.0.1
j  jdk.internal.reflect.DirectMethodHandleAccessor.invokeImpl(Ljava/lang/Object;[Ljava/lang/Object;)Ljava/lang/Object;+55 java.base@23.0.1
j  jdk.internal.reflect.DirectMethodHandleAccessor.invoke(Ljava/lang/Object;[Ljava/lang/Object;)Ljava/lang/Object;+23 java.base@23.0.1
j  java.lang.reflect.Method.invoke(Ljava/lang/Object;[Ljava/lang/Object;)Ljava/lang/Object;+102 java.base@23.0.1
j  net.bytebuddy.agent.Attacher.install(Ljava/lang/Class;Ljava/lang/String;Ljava/lang/String;ZLjava/lang/String;)V+24
j  net.bytebuddy.agent.Attacher.main([Ljava/lang/String;)V+86
v  ~StubRoutines::call_stub 0x000002170fba0fcd

siginfo: EXCEPTION_ACCESS_VIOLATION (0xc0000005), reading address 0xffffffffffffffff


Registers:
RAX=0x000402171c760b30, RBX=0x0000000000000000, RCX=0x000002171c19b0f8, RDX=0x0000000000000000
RSP=0x0000001f089fc300, RBP=0x000002177be698d0, RSI=0x000002177be698d0, RDI=0x0000001f089fc3b0
R8 =0x000002177be698d0, R9 =0x000000000000000a, R10=0x000002177be79280, R11=0x000002171c19b150
R12=0x0000000000000001, R13=0x0000000088500558, R14=0x000002171c19a010, R15=0x000002171c7614c0
RIP=0x00007ffd5e6ac2a7, EFLAGS=0x0000000000010246


Register to memory mapping:

RAX=0x000402171c760b30 is an unknown value
RBX=0x0 is null
RCX={method} {0x000002171c19b100} 
[error occurred during error reporting (printing register info), id 0xc0000005, EXCEPTION_ACCESS_VIOLATION (0xc0000005) at pc=0x00007ffd5ed3172a]
RDX=0x0 is null
RSP=0x0000001f089fc300 is pointing into the stack for thread: 0x000002177be698d0
RBP=0x000002177be698d0 is a thread
RSI=0x000002177be698d0 is a thread
RDI=0x0000001f089fc3b0 is pointing into the stack for thread: 0x000002177be698d0
R8 =0x000002177be698d0 is a thread
R9 =0x000000000000000a is an unknown value
R10=0x000002177be79280 points into unknown readable memory: 0x0000001e0000000a | 0a 00 00 00 1e 00 00 00
R11={method} {0x000002171c19b158} 'setBoolean' '(Ljava/lang/Object;Z)V' in 'java/lang/reflect/Field'
R12=0x0000000000000001 is an unknown value
R13=0x0000000088500558 is an oop: java.lang.Class 
{0x0000000088500558} - klass: 'java/lang/Class'
 - ---- fields (total size 14 words):
 - private volatile transient 'classRedefinedCount' 'I' @12  0 (0x00000000)
 - injected 'klass' 'J' @16  0 (0x0000000000000000)
 - injected 'array_klass' 'J' @24  2298278730624 (0x000002171c165b80)
 - injected 'oop_size' 'I' @32  14 (0x0000000e)
 - injected 'static_oop_field_count' 'I' @36  0 (0x00000000)
 - private volatile transient 'cachedConstructor' 'Ljava/lang/reflect/Constructor;' @40  null (0x00000000)
 - private transient 'name' 'Ljava/lang/String;' @44  null (0x00000000)
 - private transient 'module' 'Ljava/lang/Module;' @48  a 'java/lang/Module'{0x00000000885aeea0} (0x885aeea0)
 - private final 'classLoader' 'Ljava/lang/ClassLoader;' @52  null (0x00000000)
 - private transient 'classData' 'Ljava/lang/Object;' @56  null (0x00000000)
 - private transient 'packageName' 'Ljava/lang/String;' @60  null (0x00000000)
 - private final 'componentType' 'Ljava/lang/Class;' @64  null (0x00000000)
 - private volatile transient 'reflectionData' 'Ljava/lang/ref/SoftReference;' @68  null (0x00000000)
 - private volatile transient 'genericInfo' 'Lsun/reflect/generics/repository/ClassRepository;' @72  null (0x00000000)
 - private volatile transient 'enumConstants' '[Ljava/lang/Object;' @76  null (0x00000000)
 - private volatile transient 'enumConstantDirectory' 'Ljava/util/Map;' @80  null (0x00000000)
 - private volatile transient 'annotationData' 'Ljava/lang/Class$AnnotationData;' @84  null (0x00000000)
 - private volatile transient 'annotationType' 'Lsun/reflect/annotation/AnnotationType;' @88  null (0x00000000)
 - transient 'classValueMap' 'Ljava/lang/ClassValue$ClassValueMap;' @92  null (0x00000000)
 - injected 'protection_domain' 'Ljava/lang/Object;' @96  null (0x00000000)
 - injected 'signers_name' 'Ljava/lang/Object;' @100  null (0x00000000)
 - injected 'source_file' 'Ljava/lang/Object;' @104  null (0x00000000)
 - signature: J
R14=0x000002171c19a010 is a pointer to class: 
java.lang.reflect.Field {0x000002171c19a018}
 - instance size:     9
 - klass size:        96
 - access:            public final synchronized 
 - flags:             rewritten has_nonstatic_fields has_nonstatic_concrete_methods is_shared_boot_class has_localvariable_table 
 - state:             loaded
 - name:              'java/lang/reflect/Field'
 - super:             'java/lang/reflect/AccessibleObject'
 - sub:               
 - arrays:            'java/lang/reflect/Field'[]
 - methods:           Array<T>(0x000002171c75fb00)
 - method ordering:   Array<T>(0x000002171c66f568)
 - local interfaces:  Array<T>(0x000002171c7614b0)
 - trans. interfaces: Array<T>(0x000002171c7614c0)
 - secondary supers: Array<T>(0x000002171c75e730)
 - hash_slot:         29
 - bitmap:            0x0000000200080000
 - constants:         constant pool [457] {0x000002171c75e7f0} for 'java/lang/reflect/Field' cache=0x000002171c19a368
 - class loader data:  loader data: 0x000002177ed8f0f0 of 'bootstrap'
 - source file:       'Field.java'
 - class annotations:       Array<T>(0x0000000000000000)
 - class type annotations:  Array<T>(0x0000000000000000)
 - field annotations:       Array<T>(0x000002171c75fa90)
 - field type annotations:  Array<T>(0x0000000000000000)
 - inner classes:     Array<T>(0x000002171c66f118)
 - nest members:     Array<T>(0x000002171c665d58)
 - permitted subclasses:     Array<T>(0x000002171c665d58)
 - java mirror:       a 'java/lang/Class'{0x0000000088503bc8} = 'java/lang/reflect/Field'
 - vtable length      18  (start addr: 0x000002171c19a1e0)
 - itable length      18 (start addr: 0x000002171c19a270)
 - ---- static fields (0 words):
 - ---- non-static fields (14 words):
 - 'override' 'Z' @12 
 - volatile 'accessCheckCache' 'Ljava/lang/Object;' @16 
 - private final 'trustedFinal' 'Z' @13 
 - private final 'slot' 'I' @20 
 - private final 'modifiers' 'I' @24 
 - private final 'clazz' 'Ljava/lang/Class;' @28 
 - private final 'name' 'Ljava/lang/String;' @32 
 - private final 'type' 'Ljava/lang/Class;' @36 
 - private final transient 'signature' 'Ljava/lang/String;' @40 
 - private volatile transient 'genericInfo' 'Lsun/reflect/generics/repository/FieldRepository;' @44 
 - private final 'annotations' '[B' @48 
 - private 'fieldAccessor' 'Ljdk/internal/reflect/FieldAccessor;' @52 
 - private 'overrideFieldAccessor' 'Ljdk/internal/reflect/FieldAccessor;' @56 
 - private 'root' 'Ljava/lang/reflect/Field;' @60 
 - private volatile transient 'declaredAnnotations' 'Ljava/util/Map;' @64 
 - non-static oop maps: 16-16 28-64 
R15=0x000002171c7614c0 is pointing into metadata

Top of Stack: (sp=0x0000001f089fc300)
0x0000001f089fc300:   00000000000000c6 0000000088500558
0x0000001f089fc310:   0000000000000001 000002177be698d0
0x0000001f089fc320:   0000001f089fc3b0 00007ffd5ed2fbd5
0x0000001f089fc330:   000002171c19b0f8 000002171c19b150
0x0000001f089fc340:   000002177be698d0 0000001f089fc438
0x0000001f089fc350:   0000000000000001 000002171c19a0d2
0x0000001f089fc360:   000002171c19a0d2 00007ffd5ea60fd4
0x0000001f089fc370:   000002177be698d0 000002171c19a010
0x0000001f089fc380:   0000000000000025 0000001f089fc470
0x0000001f089fc390:   000002177be698d0 00007ffd5ed0eabf
0x0000001f089fc3a0:   0000001f089fc730 0000001f089fc730
0x0000001f089fc3b0:   000002171c19b0f8 000002177be698d0
0x0000001f089fc3c0:   0000001f089fc450 00007ffd5ed0e8b4
0x0000001f089fc3d0:   0000000000000000 00000000003fd826
0x0000001f089fc3e0:   000002177be69801 000002177be6bfb0
0x0000001f089fc3f0:   000002177be6be70 000002177be6bbb0
0x0000001f089fc400:   000002177e133e24 000002177e133e38
0x0000001f089fc410:   0000000300000001 00007ffd5ed0e800
0x0000001f089fc420:   0000000000000010 00007ffd5e8da2f2
0x0000001f089fc430:   0000000088364370 000002177be698d0
0x0000001f089fc440:   000002177be53678 000002177be698d0
0x0000001f089fc450:   000002177be698d0 000002177be60db0
0x0000001f089fc460:   000002177be53610 000002177be53678
0x0000001f089fc470:   000002177be536f8 00000000000000d8
0x0000001f089fc480:   0000001f089fc540 0000000000000000
0x0000001f089fc490:   000002171c19a010 000002177be698d0
0x0000001f089fc4a0:   0000000088500558 0000000000000000
0x0000001f089fc4b0:   000002177be698d0 000002171c19a010
0x0000001f089fc4c0:   0000001f089fc5d0 00007ffd5ea5fd37
0x0000001f089fc4d0:   000002171c19a010 00007ffd5e873be5
0x0000001f089fc4e0:   000002177ed8bc10 000002171c19b0f8
0x0000001f089fc4f0:   000002177be77c80 0000000000000000 

Instructions: (pc=0x00007ffd5e6ac2a7)
0x00007ffd5e6ac1a7:   00 00 00 48 8b 5c 24 30 48 83 c4 20 5f c3 b8 16
0x00007ffd5e6ac1b7:   00 00 00 48 8b 5c 24 30 48 83 c4 20 5f c3 b8 17
0x00007ffd5e6ac1c7:   00 00 00 48 8b 5c 24 30 48 83 c4 20 5f c3 b8 18
0x00007ffd5e6ac1d7:   00 00 00 48 8b 5c 24 30 48 83 c4 20 5f c3 b8 1a
0x00007ffd5e6ac1e7:   00 00 00 48 8b 5c 24 30 48 83 c4 20 5f c3 b8 19
0x00007ffd5e6ac1f7:   00 00 00 48 8b 5c 24 30 48 83 c4 20 5f c3 b8 13
0x00007ffd5e6ac207:   00 00 00 48 8b 5c 24 30 48 83 c4 20 5f c3 b8 14
0x00007ffd5e6ac217:   00 00 00 48 8b 5c 24 30 48 83 c4 20 5f c3 b8 1b
0x00007ffd5e6ac227:   00 00 00 48 8b 5c 24 30 48 83 c4 20 5f c3 48 8b
0x00007ffd5e6ac237:   07 48 8b 48 08 66 83 79 22 01 75 0d 33 c0 48 8b
0x00007ffd5e6ac247:   5c 24 30 48 83 c4 20 5f c3 48 8b 0f 8b 51 28 8b
0x00007ffd5e6ac257:   c2 c1 e8 08 a8 01 74 2c 0f b7 49 34 b8 c6 00 00
0x00007ffd5e6ac267:   00 66 2b c8 66 83 f9 01 0f 86 82 00 00 00 c1 ea
0x00007ffd5e6ac277:   05 83 e2 01 83 ca 02 8b c2 48 8b 5c 24 30 48 83
0x00007ffd5e6ac287:   c4 20 5f c3 c1 ea 05 f6 c2 01 74 10 b8 01 00 00
0x00007ffd5e6ac297:   00 48 8b 5c 24 30 48 83 c4 20 5f c3 48 8b 41 08
0x00007ffd5e6ac2a7:   66 83 78 22 01 75 16 80 78 38 b1 75 10 b8 04 00
0x00007ffd5e6ac2b7:   00 00 48 8b 5c 24 30 48 83 c4 20 5f c3 e8 57 2f
0x00007ffd5e6ac2c7:   68 00 84 c0 74 10 b8 05 00 00 00 48 8b 5c 24 30
0x00007ffd5e6ac2d7:   48 83 c4 20 5f c3 48 8b 0f e8 8b 34 68 00 f6 d8
0x00007ffd5e6ac2e7:   1b c0 83 e0 06 48 8b 5c 24 30 48 83 c4 20 5f c3
0x00007ffd5e6ac2f7:   48 8b 5c 24 30 b8 07 00 00 00 48 83 c4 20 5f c3
0x00007ffd5e6ac307:   90 95 c1 00 00 65 c1 00 00 75 c1 00 00 85 c1 00
0x00007ffd5e6ac317:   00 05 c2 00 00 a5 c1 00 00 b5 c1 00 00 c5 c1 00
0x00007ffd5e6ac327:   00 d5 c1 00 00 e5 c1 00 00 f5 c1 00 00 15 c2 00
0x00007ffd5e6ac337:   00 05 c1 00 00 f5 c0 00 00 25 c1 00 00 15 c1 00
0x00007ffd5e6ac347:   00 35 c1 00 00 45 c1 00 00 55 c1 00 00 25 c2 00
0x00007ffd5e6ac357:   00 a5 c0 00 00 b5 c0 00 00 c5 c0 00 00 d5 c0 00
0x00007ffd5e6ac367:   00 e5 c0 00 00 50 c2 00 00 00 19 19 19 01 19 19
0x00007ffd5e6ac377:   19 02 03 19 04 05 06 07 08 19 19 19 19 19 19 19
0x00007ffd5e6ac387:   19 19 19 19 19 19 19 19 19 09 0a 19 19 19 19 19
0x00007ffd5e6ac397:   19 19 19 19 19 19 19 19 19 19 19 0b 19 19 19 19 


Stack slot to memory mapping:

stack at sp + 0 slots: 0x00000000000000c6 is an unknown value
stack at sp + 1 slots: 0x0000000088500558 is an oop: java.lang.Class 
{0x0000000088500558} - klass: 'java/lang/Class'
 - ---- fields (total size 14 words):
 - private volatile transient 'classRedefinedCount' 'I' @12  0 (0x00000000)
 - injected 'klass' 'J' @16  0 (0x0000000000000000)
 - injected 'array_klass' 'J' @24  2298278730624 (0x000002171c165b80)
 - injected 'oop_size' 'I' @32  14 (0x0000000e)
 - injected 'static_oop_field_count' 'I' @36  0 (0x00000000)
 - private volatile transient 'cachedConstructor' 'Ljava/lang/reflect/Constructor;' @40  null (0x00000000)
 - private transient 'name' 'Ljava/lang/String;' @44  null (0x00000000)
 - private transient 'module' 'Ljava/lang/Module;' @48  a 'java/lang/Module'{0x00000000885aeea0} (0x885aeea0)
 - private final 'classLoader' 'Ljava/lang/ClassLoader;' @52  null (0x00000000)
 - private transient 'classData' 'Ljava/lang/Object;' @56  null (0x00000000)
 - private transient 'packageName' 'Ljava/lang/String;' @60  null (0x00000000)
 - private final 'componentType' 'Ljava/lang/Class;' @64  null (0x00000000)
 - private volatile transient 'reflectionData' 'Ljava/lang/ref/SoftReference;' @68  null (0x00000000)
 - private volatile transient 'genericInfo' 'Lsun/reflect/generics/repository/ClassRepository;' @72  null (0x00000000)
 - private volatile transient 'enumConstants' '[Ljava/lang/Object;' @76  null (0x00000000)
 - private volatile transient 'enumConstantDirectory' 'Ljava/util/Map;' @80  null (0x00000000)
 - private volatile transient 'annotationData' 'Ljava/lang/Class$AnnotationData;' @84  null (0x00000000)
 - private volatile transient 'annotationType' 'Lsun/reflect/annotation/AnnotationType;' @88  null (0x00000000)
 - transient 'classValueMap' 'Ljava/lang/ClassValue$ClassValueMap;' @92  null (0x00000000)
 - injected 'protection_domain' 'Ljava/lang/Object;' @96  null (0x00000000)
 - injected 'signers_name' 'Ljava/lang/Object;' @100  null (0x00000000)
 - injected 'source_file' 'Ljava/lang/Object;' @104  null (0x00000000)
 - signature: J
stack at sp + 2 slots: 0x0000000000000001 is an unknown value
stack at sp + 3 slots: 0x000002177be698d0 is a thread
stack at sp + 4 slots: 0x0000001f089fc3b0 is pointing into the stack for thread: 0x000002177be698d0
stack at sp + 5 slots: 0x00007ffd5ed2fbd5 jvm.dll
stack at sp + 6 slots: {method} {0x000002171c19b100} 
[error occurred during error reporting (inspecting top of stack), id 0xc0000005, EXCEPTION_ACCESS_VIOLATION (0xc0000005) at pc=0x00007ffd5ed3172a]
stack at sp + 7 slots: {method} {0x000002171c19b158} 'setBoolean' '(Ljava/lang/Object;Z)V' in 'java/lang/reflect/Field'

Lock stack of current Java thread (top to bottom):
LockStack[0]: [I 
{0x0000000088503c38} - klass: {type array int}
 - length: 0


---------------  P R O C E S S  ---------------

Threads class SMR info:
_java_thread_list=0x000002171b959470, length=12, elements={
0x000002177be698d0, 0x000002177eefafe0, 0x000002177eefbf00, 0x000002177eefece0,
0x000002177ef01750, 0x000002177ef021b0, 0x000002177ef02c10, 0x000002177ef039a0,
0x000002171b6b0000, 0x000002171b7966c0, 0x000002171b799550, 0x000002171b9622c0
}

Java Threads: ( => current thread )
=>0x000002177be698d0 JavaThread "main"                              [_thread_in_vm, id=5440, stack(0x0000001f08900000,0x0000001f08a00000) (1024K)]
  0x000002177eefafe0 JavaThread "Reference Handler"          daemon [_thread_blocked, id=8120, stack(0x0000001f09100000,0x0000001f09200000) (1024K)]
  0x000002177eefbf00 JavaThread "Finalizer"                  daemon [_thread_blocked, id=7820, stack(0x0000001f09200000,0x0000001f09300000) (1024K)]
  0x000002177eefece0 JavaThread "Signal Dispatcher"          daemon [_thread_blocked, id=3848, stack(0x0000001f09300000,0x0000001f09400000) (1024K)]
  0x000002177ef01750 JavaThread "Attach Listener"            daemon [_thread_blocked, id=1112, stack(0x0000001f09400000,0x0000001f09500000) (1024K)]
  0x000002177ef021b0 JavaThread "Service Thread"             daemon [_thread_blocked, id=4776, stack(0x0000001f09500000,0x0000001f09600000) (1024K)]
  0x000002177ef02c10 JavaThread "Monitor Deflation Thread"   daemon [_thread_blocked, id=3048, stack(0x0000001f09600000,0x0000001f09700000) (1024K)]
  0x000002177ef039a0 JavaThread "C2 CompilerThread0"         daemon [_thread_blocked, id=2816, stack(0x0000001f09700000,0x0000001f09800000) (1024K)]
  0x000002171b6b0000 JavaThread "C1 CompilerThread0"         daemon [_thread_blocked, id=1984, stack(0x0000001f09800000,0x0000001f09900000) (1024K)]
  0x000002171b7966c0 JavaThread "Notification Thread"        daemon [_thread_blocked, id=12160, stack(0x0000001f09900000,0x0000001f09a00000) (1024K)]
  0x000002171b799550 JavaThread "Common-Cleaner"             daemon [_thread_blocked, id=5472, stack(0x0000001f09a00000,0x0000001f09b00000) (1024K)]
  0x000002171b9622c0 JavaThread "C2 CompilerThread1"         daemon [_thread_blocked, id=4320, stack(0x0000001f09b00000,0x0000001f09c00000) (1024K)]
Total: 12

Other Threads:
  0x000002177eee2430 VMThread "VM Thread"                           [id=11632, stack(0x0000001f09000000,0x0000001f09100000) (1024K)]
  0x000002177eed2500 WatcherThread "VM Periodic Task Thread"        [id=11712, stack(0x0000001f08f00000,0x0000001f09000000) (1024K)]
  0x000002177e183210 WorkerThread "GC Thread#0"                     [id=8512, stack(0x0000001f08a00000,0x0000001f08b00000) (1024K)]
  0x000002177e1d7010 ConcurrentGCThread "G1 Main Marker"            [id=11548, stack(0x0000001f08b00000,0x0000001f08c00000) (1024K)]
  0x000002177e1d81d0 WorkerThread "G1 Conc#0"                       [id=4572, stack(0x0000001f08c00000,0x0000001f08d00000) (1024K)]
  0x000002177e1fe9b0 ConcurrentGCThread "G1 Refine#0"               [id=11292, stack(0x0000001f08d00000,0x0000001f08e00000) (1024K)]
  0x000002177ed93740 ConcurrentGCThread "G1 Service"                [id=2256, stack(0x0000001f08e00000,0x0000001f08f00000) (1024K)]
Total: 7

Threads with active compile tasks:
Total: 0

VM state: not at safepoint (normal execution)

VM Mutex/Monitor currently owned by a thread: None

Heap address: 0x0000000080600000, size: 2042 MB, Compressed Oops mode: 32-bit

CDS archive(s) mapped at: [0x000002171c000000-0x000002171cd70000-0x000002171cd70000), size 14090240, SharedBaseAddress: 0x000002171c000000, ArchiveRelocationMode: 1.
Compressed class space mapped at: 0x000002171d000000-0x000002175d000000, reserved size: 1073741824
Narrow klass base: 0x000002171c000000, Narrow klass shift: 0, Narrow klass range: 0x41000000

GC Precious Log:
 CardTable entry size: 512
 Card Set container configuration: InlinePtr #cards 5 size 8 Array Of Cards #cards 10 size 36 Howl #buckets 4 coarsen threshold 1843 Howl Bitmap #cards 512 size 80 coarsen threshold 460 Card regions per heap region 1 cards per card region 2048
 CPUs: 4 total, 4 available
 Memory: 8160M
 Large Page Support: Disabled
 NUMA Support: Disabled
 Compressed Oops: Enabled (32-bit)
 Heap Region Size: 1M
 Heap Min Capacity: 8M
 Heap Initial Capacity: 128M
 Heap Max Capacity: 2042M
 Pre-touch: Disabled
 Parallel Workers: 4
 Concurrent Workers: 1
 Concurrent Refinement Workers: 4
 Periodic GC: Disabled

Heap:
 garbage-first heap   total reserved 2091008K, committed 131072K, used 2048K [0x0000000080600000, 0x0000000100000000)
  region size 1024K, 3 young (3072K), 0 survivors (0K)
 Metaspace       used 974K, committed 1152K, reserved 1114112K
  class space    used 94K, committed 192K, reserved 1048576K

Heap Regions: E=young(eden), S=young(survivor), O=old, HS=humongous(starts), HC=humongous(continues), CS=collection set, F=free, TAMS=top-at-mark-start, PB=parsable bottom
|   0|0x0000000080600000, 0x0000000080600000, 0x0000000080700000|  0%| F|  |TAMS 0x0000000080600000| PB 0x0000000080600000| Untracked |  0
|   1|0x0000000080700000, 0x0000000080700000, 0x0000000080800000|  0%| F|  |TAMS 0x0000000080700000| PB 0x0000000080700000| Untracked |  0
|   2|0x0000000080800000, 0x0000000080800000, 0x0000000080900000|  0%| F|  |TAMS 0x0000000080800000| PB 0x0000000080800000| Untracked |  0
|   3|0x0000000080900000, 0x0000000080900000, 0x0000000080a00000|  0%| F|  |TAMS 0x0000000080900000| PB 0x0000000080900000| Untracked |  0
|   4|0x0000000080a00000, 0x0000000080a00000, 0x0000000080b00000|  0%| F|  |TAMS 0x0000000080a00000| PB 0x0000000080a00000| Untracked |  0
|   5|0x0000000080b00000, 0x0000000080b00000, 0x0000000080c00000|  0%| F|  |TAMS 0x0000000080b00000| PB 0x0000000080b00000| Untracked |  0
|   6|0x0000000080c00000, 0x0000000080c00000, 0x0000000080d00000|  0%| F|  |TAMS 0x0000000080c00000| PB 0x0000000080c00000| Untracked |  0
|   7|0x0000000080d00000, 0x0000000080d00000, 0x0000000080e00000|  0%| F|  |TAMS 0x0000000080d00000| PB 0x0000000080d00000| Untracked |  0
|   8|0x0000000080e00000, 0x0000000080e00000, 0x0000000080f00000|  0%| F|  |TAMS 0x0000000080e00000| PB 0x0000000080e00000| Untracked |  0
|   9|0x0000000080f00000, 0x0000000080f00000, 0x0000000081000000|  0%| F|  |TAMS 0x0000000080f00000| PB 0x0000000080f00000| Untracked |  0
|  10|0x0000000081000000, 0x0000000081000000, 0x0000000081100000|  0%| F|  |TAMS 0x0000000081000000| PB 0x0000000081000000| Untracked |  0
|  11|0x0000000081100000, 0x0000000081100000, 0x0000000081200000|  0%| F|  |TAMS 0x0000000081100000| PB 0x0000000081100000| Untracked |  0
|  12|0x0000000081200000, 0x0000000081200000, 0x0000000081300000|  0%| F|  |TAMS 0x0000000081200000| PB 0x0000000081200000| Untracked |  0
|  13|0x0000000081300000, 0x0000000081300000, 0x0000000081400000|  0%| F|  |TAMS 0x0000000081300000| PB 0x0000000081300000| Untracked |  0
|  14|0x0000000081400000, 0x0000000081400000, 0x0000000081500000|  0%| F|  |TAMS 0x0000000081400000| PB 0x0000000081400000| Untracked |  0
|  15|0x0000000081500000, 0x0000000081500000, 0x0000000081600000|  0%| F|  |TAMS 0x0000000081500000| PB 0x0000000081500000| Untracked |  0
|  16|0x0000000081600000, 0x0000000081600000, 0x0000000081700000|  0%| F|  |TAMS 0x0000000081600000| PB 0x0000000081600000| Untracked |  0
|  17|0x0000000081700000, 0x0000000081700000, 0x0000000081800000|  0%| F|  |TAMS 0x0000000081700000| PB 0x0000000081700000| Untracked |  0
|  18|0x0000000081800000, 0x0000000081800000, 0x0000000081900000|  0%| F|  |TAMS 0x0000000081800000| PB 0x0000000081800000| Untracked |  0
|  19|0x0000000081900000, 0x0000000081900000, 0x0000000081a00000|  0%| F|  |TAMS 0x0000000081900000| PB 0x0000000081900000| Untracked |  0
|  20|0x0000000081a00000, 0x0000000081a00000, 0x0000000081b00000|  0%| F|  |TAMS 0x0000000081a00000| PB 0x0000000081a00000| Untracked |  0
|  21|0x0000000081b00000, 0x0000000081b00000, 0x0000000081c00000|  0%| F|  |TAMS 0x0000000081b00000| PB 0x0000000081b00000| Untracked |  0
|  22|0x0000000081c00000, 0x0000000081c00000, 0x0000000081d00000|  0%| F|  |TAMS 0x0000000081c00000| PB 0x0000000081c00000| Untracked |  0
|  23|0x0000000081d00000, 0x0000000081d00000, 0x0000000081e00000|  0%| F|  |TAMS 0x0000000081d00000| PB 0x0000000081d00000| Untracked |  0
|  24|0x0000000081e00000, 0x0000000081e00000, 0x0000000081f00000|  0%| F|  |TAMS 0x0000000081e00000| PB 0x0000000081e00000| Untracked |  0
|  25|0x0000000081f00000, 0x0000000081f00000, 0x0000000082000000|  0%| F|  |TAMS 0x0000000081f00000| PB 0x0000000081f00000| Untracked |  0
|  26|0x0000000082000000, 0x0000000082000000, 0x0000000082100000|  0%| F|  |TAMS 0x0000000082000000| PB 0x0000000082000000| Untracked |  0
|  27|0x0000000082100000, 0x0000000082100000, 0x0000000082200000|  0%| F|  |TAMS 0x0000000082100000| PB 0x0000000082100000| Untracked |  0
|  28|0x0000000082200000, 0x0000000082200000, 0x0000000082300000|  0%| F|  |TAMS 0x0000000082200000| PB 0x0000000082200000| Untracked |  0
|  29|0x0000000082300000, 0x0000000082300000, 0x0000000082400000|  0%| F|  |TAMS 0x0000000082300000| PB 0x0000000082300000| Untracked |  0
|  30|0x0000000082400000, 0x0000000082400000, 0x0000000082500000|  0%| F|  |TAMS 0x0000000082400000| PB 0x0000000082400000| Untracked |  0
|  31|0x0000000082500000, 0x0000000082500000, 0x0000000082600000|  0%| F|  |TAMS 0x0000000082500000| PB 0x0000000082500000| Untracked |  0
|  32|0x0000000082600000, 0x0000000082600000, 0x0000000082700000|  0%| F|  |TAMS 0x0000000082600000| PB 0x0000000082600000| Untracked |  0
|  33|0x0000000082700000, 0x0000000082700000, 0x0000000082800000|  0%| F|  |TAMS 0x0000000082700000| PB 0x0000000082700000| Untracked |  0
|  34|0x0000000082800000, 0x0000000082800000, 0x0000000082900000|  0%| F|  |TAMS 0x0000000082800000| PB 0x0000000082800000| Untracked |  0
|  35|0x0000000082900000, 0x0000000082900000, 0x0000000082a00000|  0%| F|  |TAMS 0x0000000082900000| PB 0x0000000082900000| Untracked |  0
|  36|0x0000000082a00000, 0x0000000082a00000, 0x0000000082b00000|  0%| F|  |TAMS 0x0000000082a00000| PB 0x0000000082a00000| Untracked |  0
|  37|0x0000000082b00000, 0x0000000082b00000, 0x0000000082c00000|  0%| F|  |TAMS 0x0000000082b00000| PB 0x0000000082b00000| Untracked |  0
|  38|0x0000000082c00000, 0x0000000082c00000, 0x0000000082d00000|  0%| F|  |TAMS 0x0000000082c00000| PB 0x0000000082c00000| Untracked |  0
|  39|0x0000000082d00000, 0x0000000082d00000, 0x0000000082e00000|  0%| F|  |TAMS 0x0000000082d00000| PB 0x0000000082d00000| Untracked |  0
|  40|0x0000000082e00000, 0x0000000082e00000, 0x0000000082f00000|  0%| F|  |TAMS 0x0000000082e00000| PB 0x0000000082e00000| Untracked |  0
|  41|0x0000000082f00000, 0x0000000082f00000, 0x0000000083000000|  0%| F|  |TAMS 0x0000000082f00000| PB 0x0000000082f00000| Untracked |  0
|  42|0x0000000083000000, 0x0000000083000000, 0x0000000083100000|  0%| F|  |TAMS 0x0000000083000000| PB 0x0000000083000000| Untracked |  0
|  43|0x0000000083100000, 0x0000000083100000, 0x0000000083200000|  0%| F|  |TAMS 0x0000000083100000| PB 0x0000000083100000| Untracked |  0
|  44|0x0000000083200000, 0x0000000083200000, 0x0000000083300000|  0%| F|  |TAMS 0x0000000083200000| PB 0x0000000083200000| Untracked |  0
|  45|0x0000000083300000, 0x0000000083300000, 0x0000000083400000|  0%| F|  |TAMS 0x0000000083300000| PB 0x0000000083300000| Untracked |  0
|  46|0x0000000083400000, 0x0000000083400000, 0x0000000083500000|  0%| F|  |TAMS 0x0000000083400000| PB 0x0000000083400000| Untracked |  0
|  47|0x0000000083500000, 0x0000000083500000, 0x0000000083600000|  0%| F|  |TAMS 0x0000000083500000| PB 0x0000000083500000| Untracked |  0
|  48|0x0000000083600000, 0x0000000083600000, 0x0000000083700000|  0%| F|  |TAMS 0x0000000083600000| PB 0x0000000083600000| Untracked |  0
|  49|0x0000000083700000, 0x0000000083700000, 0x0000000083800000|  0%| F|  |TAMS 0x0000000083700000| PB 0x0000000083700000| Untracked |  0
|  50|0x0000000083800000, 0x0000000083800000, 0x0000000083900000|  0%| F|  |TAMS 0x0000000083800000| PB 0x0000000083800000| Untracked |  0
|  51|0x0000000083900000, 0x0000000083900000, 0x0000000083a00000|  0%| F|  |TAMS 0x0000000083900000| PB 0x0000000083900000| Untracked |  0
|  52|0x0000000083a00000, 0x0000000083a00000, 0x0000000083b00000|  0%| F|  |TAMS 0x0000000083a00000| PB 0x0000000083a00000| Untracked |  0
|  53|0x0000000083b00000, 0x0000000083b00000, 0x0000000083c00000|  0%| F|  |TAMS 0x0000000083b00000| PB 0x0000000083b00000| Untracked |  0
|  54|0x0000000083c00000, 0x0000000083c00000, 0x0000000083d00000|  0%| F|  |TAMS 0x0000000083c00000| PB 0x0000000083c00000| Untracked |  0
|  55|0x0000000083d00000, 0x0000000083d00000, 0x0000000083e00000|  0%| F|  |TAMS 0x0000000083d00000| PB 0x0000000083d00000| Untracked |  0
|  56|0x0000000083e00000, 0x0000000083e00000, 0x0000000083f00000|  0%| F|  |TAMS 0x0000000083e00000| PB 0x0000000083e00000| Untracked |  0
|  57|0x0000000083f00000, 0x0000000083f00000, 0x0000000084000000|  0%| F|  |TAMS 0x0000000083f00000| PB 0x0000000083f00000| Untracked |  0
|  58|0x0000000084000000, 0x0000000084000000, 0x0000000084100000|  0%| F|  |TAMS 0x0000000084000000| PB 0x0000000084000000| Untracked |  0
|  59|0x0000000084100000, 0x0000000084100000, 0x0000000084200000|  0%| F|  |TAMS 0x0000000084100000| PB 0x0000000084100000| Untracked |  0
|  60|0x0000000084200000, 0x0000000084200000, 0x0000000084300000|  0%| F|  |TAMS 0x0000000084200000| PB 0x0000000084200000| Untracked |  0
|  61|0x0000000084300000, 0x0000000084300000, 0x0000000084400000|  0%| F|  |TAMS 0x0000000084300000| PB 0x0000000084300000| Untracked |  0
|  62|0x0000000084400000, 0x0000000084400000, 0x0000000084500000|  0%| F|  |TAMS 0x0000000084400000| PB 0x0000000084400000| Untracked |  0
|  63|0x0000000084500000, 0x0000000084500000, 0x0000000084600000|  0%| F|  |TAMS 0x0000000084500000| PB 0x0000000084500000| Untracked |  0
|  64|0x0000000084600000, 0x0000000084600000, 0x0000000084700000|  0%| F|  |TAMS 0x0000000084600000| PB 0x0000000084600000| Untracked |  0
|  65|0x0000000084700000, 0x0000000084700000, 0x0000000084800000|  0%| F|  |TAMS 0x0000000084700000| PB 0x0000000084700000| Untracked |  0
|  66|0x0000000084800000, 0x0000000084800000, 0x0000000084900000|  0%| F|  |TAMS 0x0000000084800000| PB 0x0000000084800000| Untracked |  0
|  67|0x0000000084900000, 0x0000000084900000, 0x0000000084a00000|  0%| F|  |TAMS 0x0000000084900000| PB 0x0000000084900000| Untracked |  0
|  68|0x0000000084a00000, 0x0000000084a00000, 0x0000000084b00000|  0%| F|  |TAMS 0x0000000084a00000| PB 0x0000000084a00000| Untracked |  0
|  69|0x0000000084b00000, 0x0000000084b00000, 0x0000000084c00000|  0%| F|  |TAMS 0x0000000084b00000| PB 0x0000000084b00000| Untracked |  0
|  70|0x0000000084c00000, 0x0000000084c00000, 0x0000000084d00000|  0%| F|  |TAMS 0x0000000084c00000| PB 0x0000000084c00000| Untracked |  0
|  71|0x0000000084d00000, 0x0000000084d00000, 0x0000000084e00000|  0%| F|  |TAMS 0x0000000084d00000| PB 0x0000000084d00000| Untracked |  0
|  72|0x0000000084e00000, 0x0000000084e00000, 0x0000000084f00000|  0%| F|  |TAMS 0x0000000084e00000| PB 0x0000000084e00000| Untracked |  0
|  73|0x0000000084f00000, 0x0000000084f00000, 0x0000000085000000|  0%| F|  |TAMS 0x0000000084f00000| PB 0x0000000084f00000| Untracked |  0
|  74|0x0000000085000000, 0x0000000085000000, 0x0000000085100000|  0%| F|  |TAMS 0x0000000085000000| PB 0x0000000085000000| Untracked |  0
|  75|0x0000000085100000, 0x0000000085100000, 0x0000000085200000|  0%| F|  |TAMS 0x0000000085100000| PB 0x0000000085100000| Untracked |  0
|  76|0x0000000085200000, 0x0000000085200000, 0x0000000085300000|  0%| F|  |TAMS 0x0000000085200000| PB 0x0000000085200000| Untracked |  0
|  77|0x0000000085300000, 0x0000000085300000, 0x0000000085400000|  0%| F|  |TAMS 0x0000000085300000| PB 0x0000000085300000| Untracked |  0
|  78|0x0000000085400000, 0x0000000085400000, 0x0000000085500000|  0%| F|  |TAMS 0x0000000085400000| PB 0x0000000085400000| Untracked |  0
|  79|0x0000000085500000, 0x0000000085500000, 0x0000000085600000|  0%| F|  |TAMS 0x0000000085500000| PB 0x0000000085500000| Untracked |  0
|  80|0x0000000085600000, 0x0000000085600000, 0x0000000085700000|  0%| F|  |TAMS 0x0000000085600000| PB 0x0000000085600000| Untracked |  0
|  81|0x0000000085700000, 0x0000000085700000, 0x0000000085800000|  0%| F|  |TAMS 0x0000000085700000| PB 0x0000000085700000| Untracked |  0
|  82|0x0000000085800000, 0x0000000085800000, 0x0000000085900000|  0%| F|  |TAMS 0x0000000085800000| PB 0x0000000085800000| Untracked |  0
|  83|0x0000000085900000, 0x0000000085900000, 0x0000000085a00000|  0%| F|  |TAMS 0x0000000085900000| PB 0x0000000085900000| Untracked |  0
|  84|0x0000000085a00000, 0x0000000085a00000, 0x0000000085b00000|  0%| F|  |TAMS 0x0000000085a00000| PB 0x0000000085a00000| Untracked |  0
|  85|0x0000000085b00000, 0x0000000085b00000, 0x0000000085c00000|  0%| F|  |TAMS 0x0000000085b00000| PB 0x0000000085b00000| Untracked |  0
|  86|0x0000000085c00000, 0x0000000085c00000, 0x0000000085d00000|  0%| F|  |TAMS 0x0000000085c00000| PB 0x0000000085c00000| Untracked |  0
|  87|0x0000000085d00000, 0x0000000085d00000, 0x0000000085e00000|  0%| F|  |TAMS 0x0000000085d00000| PB 0x0000000085d00000| Untracked |  0
|  88|0x0000000085e00000, 0x0000000085e00000, 0x0000000085f00000|  0%| F|  |TAMS 0x0000000085e00000| PB 0x0000000085e00000| Untracked |  0
|  89|0x0000000085f00000, 0x0000000085f00000, 0x0000000086000000|  0%| F|  |TAMS 0x0000000085f00000| PB 0x0000000085f00000| Untracked |  0
|  90|0x0000000086000000, 0x0000000086000000, 0x0000000086100000|  0%| F|  |TAMS 0x0000000086000000| PB 0x0000000086000000| Untracked |  0
|  91|0x0000000086100000, 0x0000000086100000, 0x0000000086200000|  0%| F|  |TAMS 0x0000000086100000| PB 0x0000000086100000| Untracked |  0
|  92|0x0000000086200000, 0x0000000086200000, 0x0000000086300000|  0%| F|  |TAMS 0x0000000086200000| PB 0x0000000086200000| Untracked |  0
|  93|0x0000000086300000, 0x0000000086300000, 0x0000000086400000|  0%| F|  |TAMS 0x0000000086300000| PB 0x0000000086300000| Untracked |  0
|  94|0x0000000086400000, 0x0000000086400000, 0x0000000086500000|  0%| F|  |TAMS 0x0000000086400000| PB 0x0000000086400000| Untracked |  0
|  95|0x0000000086500000, 0x0000000086500000, 0x0000000086600000|  0%| F|  |TAMS 0x0000000086500000| PB 0x0000000086500000| Untracked |  0
|  96|0x0000000086600000, 0x0000000086600000, 0x0000000086700000|  0%| F|  |TAMS 0x0000000086600000| PB 0x0000000086600000| Untracked |  0
|  97|0x0000000086700000, 0x0000000086700000, 0x0000000086800000|  0%| F|  |TAMS 0x0000000086700000| PB 0x0000000086700000| Untracked |  0
|  98|0x0000000086800000, 0x0000000086800000, 0x0000000086900000|  0%| F|  |TAMS 0x0000000086800000| PB 0x0000000086800000| Untracked |  0
|  99|0x0000000086900000, 0x0000000086900000, 0x0000000086a00000|  0%| F|  |TAMS 0x0000000086900000| PB 0x0000000086900000| Untracked |  0
| 100|0x0000000086a00000, 0x0000000086a00000, 0x0000000086b00000|  0%| F|  |TAMS 0x0000000086a00000| PB 0x0000000086a00000| Untracked |  0
| 101|0x0000000086b00000, 0x0000000086b00000, 0x0000000086c00000|  0%| F|  |TAMS 0x0000000086b00000| PB 0x0000000086b00000| Untracked |  0
| 102|0x0000000086c00000, 0x0000000086c00000, 0x0000000086d00000|  0%| F|  |TAMS 0x0000000086c00000| PB 0x0000000086c00000| Untracked |  0
| 103|0x0000000086d00000, 0x0000000086d00000, 0x0000000086e00000|  0%| F|  |TAMS 0x0000000086d00000| PB 0x0000000086d00000| Untracked |  0
| 104|0x0000000086e00000, 0x0000000086e00000, 0x0000000086f00000|  0%| F|  |TAMS 0x0000000086e00000| PB 0x0000000086e00000| Untracked |  0
| 105|0x0000000086f00000, 0x0000000086f00000, 0x0000000087000000|  0%| F|  |TAMS 0x0000000086f00000| PB 0x0000000086f00000| Untracked |  0
| 106|0x0000000087000000, 0x0000000087000000, 0x0000000087100000|  0%| F|  |TAMS 0x0000000087000000| PB 0x0000000087000000| Untracked |  0
| 107|0x0000000087100000, 0x0000000087100000, 0x0000000087200000|  0%| F|  |TAMS 0x0000000087100000| PB 0x0000000087100000| Untracked |  0
| 108|0x0000000087200000, 0x0000000087200000, 0x0000000087300000|  0%| F|  |TAMS 0x0000000087200000| PB 0x0000000087200000| Untracked |  0
| 109|0x0000000087300000, 0x0000000087300000, 0x0000000087400000|  0%| F|  |TAMS 0x0000000087300000| PB 0x0000000087300000| Untracked |  0
| 110|0x0000000087400000, 0x0000000087400000, 0x0000000087500000|  0%| F|  |TAMS 0x0000000087400000| PB 0x0000000087400000| Untracked |  0
| 111|0x0000000087500000, 0x0000000087500000, 0x0000000087600000|  0%| F|  |TAMS 0x0000000087500000| PB 0x0000000087500000| Untracked |  0
| 112|0x0000000087600000, 0x0000000087600000, 0x0000000087700000|  0%| F|  |TAMS 0x0000000087600000| PB 0x0000000087600000| Untracked |  0
| 113|0x0000000087700000, 0x0000000087700000, 0x0000000087800000|  0%| F|  |TAMS 0x0000000087700000| PB 0x0000000087700000| Untracked |  0
| 114|0x0000000087800000, 0x0000000087800000, 0x0000000087900000|  0%| F|  |TAMS 0x0000000087800000| PB 0x0000000087800000| Untracked |  0
| 115|0x0000000087900000, 0x0000000087900000, 0x0000000087a00000|  0%| F|  |TAMS 0x0000000087900000| PB 0x0000000087900000| Untracked |  0
| 116|0x0000000087a00000, 0x0000000087a00000, 0x0000000087b00000|  0%| F|  |TAMS 0x0000000087a00000| PB 0x0000000087a00000| Untracked |  0
| 117|0x0000000087b00000, 0x0000000087b00000, 0x0000000087c00000|  0%| F|  |TAMS 0x0000000087b00000| PB 0x0000000087b00000| Untracked |  0
| 118|0x0000000087c00000, 0x0000000087c00000, 0x0000000087d00000|  0%| F|  |TAMS 0x0000000087c00000| PB 0x0000000087c00000| Untracked |  0
| 119|0x0000000087d00000, 0x0000000087d00000, 0x0000000087e00000|  0%| F|  |TAMS 0x0000000087d00000| PB 0x0000000087d00000| Untracked |  0
| 120|0x0000000087e00000, 0x0000000087e00000, 0x0000000087f00000|  0%| F|  |TAMS 0x0000000087e00000| PB 0x0000000087e00000| Untracked |  0
| 121|0x0000000087f00000, 0x0000000087f00000, 0x0000000088000000|  0%| F|  |TAMS 0x0000000087f00000| PB 0x0000000087f00000| Untracked |  0
| 122|0x0000000088000000, 0x0000000088000000, 0x0000000088100000|  0%| F|  |TAMS 0x0000000088000000| PB 0x0000000088000000| Untracked |  0
| 123|0x0000000088100000, 0x0000000088100000, 0x0000000088200000|  0%| F|  |TAMS 0x0000000088100000| PB 0x0000000088100000| Untracked |  0
| 124|0x0000000088200000, 0x0000000088200000, 0x0000000088300000|  0%| F|  |TAMS 0x0000000088200000| PB 0x0000000088200000| Untracked |  0
| 125|0x0000000088300000, 0x000000008838fde8, 0x0000000088400000| 56%| E|  |TAMS 0x0000000088300000| PB 0x0000000088300000| Complete |  0
| 126|0x0000000088400000, 0x0000000088500000, 0x0000000088500000|100%| E|CS|TAMS 0x0000000088400000| PB 0x0000000088400000| Complete |  0
| 127|0x0000000088500000, 0x0000000088600000, 0x0000000088600000|100%| E|CS|TAMS 0x0000000088500000| PB 0x0000000088500000| Complete |  0

Card table byte_map: [0x000002177e600000,0x000002177ea00000] _byte_map_base: 0x000002177e1fd000

Marking Bits: (CMBitMap*) 0x000002177e183830
 Bits: [0x0000021717670000, 0x0000021719658000)

Polling page: 0x000002177d900000

Metaspace:

Usage:
  Non-class:    880.48 KB used.
      Class:     94.20 KB used.
       Both:    974.68 KB used.

Virtual space:
  Non-class space:       64.00 MB reserved,     960.00 KB (  1%) committed,  1 nodes.
      Class space:        1.00 GB reserved,     192.00 KB ( <1%) committed,  1 nodes.
             Both:        1.06 GB reserved,       1.12 MB ( <1%) committed. 

Chunk freelists:
   Non-Class:  11.75 MB
       Class:  15.68 MB
        Both:  27.43 MB

MaxMetaspaceSize: unlimited
CompressedClassSpaceSize: 1.00 GB
Initial GC threshold: 21.00 MB
Current GC threshold: 21.00 MB
CDS: on
 - commit_granule_bytes: 65536.
 - commit_granule_words: 8192.
 - virtual_space_node_default_size: 8388608.
 - enlarge_chunks_in_place: 1.
 - use_allocation_guard: 0.


Internal statistics:

num_allocs_failed_limit: 0.
num_arena_births: 52.
num_arena_deaths: 0.
num_vsnodes_births: 2.
num_vsnodes_deaths: 0.
num_space_committed: 18.
num_space_uncommitted: 0.
num_chunks_returned_to_freelist: 0.
num_chunks_taken_from_freelist: 73.
num_chunk_merges: 0.
num_chunk_splits: 45.
num_chunks_enlarged: 27.
num_inconsistent_stats: 0.

CodeHeap 'non-profiled nmethods': size=120064Kb used=129Kb max_used=129Kb free=119935Kb
 bounds [0x0000021710130000, 0x00000217103a0000, 0x0000021717670000]
CodeHeap 'profiled nmethods': size=120000Kb used=397Kb max_used=397Kb free=119603Kb
 bounds [0x0000021708670000, 0x00000217088e0000, 0x000002170fba0000]
CodeHeap 'non-nmethods': size=5696Kb used=1298Kb max_used=1321Kb free=4398Kb
 bounds [0x000002170fba0000, 0x000002170fe10000, 0x0000021710130000]
CodeCache: size=245760Kb, used=1824Kb, max_used=1847Kb, free=243936Kb
 total_blobs=804, nmethods=385, adapters=325, full_count=0
Compilation: enabled, stopped_count=0, restarted_count=0

Compilation events (20 events):
Event: 0.414 Thread 0x000002171b6b0000 nmethod 377 0x00000217086cf708 code [0x00000217086cf860, 0x00000217086cfc60]
Event: 0.414 Thread 0x000002171b6b0000  380       3       java.util.HashMap::resize (356 bytes)
Event: 0.415 Thread 0x000002171b6b0000 nmethod 380 0x00000217086cfc88 code [0x00000217086cfea0, 0x00000217086d1170]
Event: 0.415 Thread 0x000002171b6b0000  378       3       java.util.ArrayList::add (23 bytes)
Event: 0.416 Thread 0x000002171b6b0000 nmethod 378 0x00000217086d1188 code [0x00000217086d12c0, 0x00000217086d1648]
Event: 0.416 Thread 0x000002171b6b0000  379       3       java.util.ArrayList::grow (60 bytes)
Event: 0.416 Thread 0x000002171b6b0000 nmethod 379 0x00000217086d1688 code [0x00000217086d1800, 0x00000217086d1df8]
Event: 0.416 Thread 0x000002171b6b0000  383       1       jdk.internal.loader.BuiltinClassLoader$LoadedModule::loader (5 bytes)
Event: 0.417 Thread 0x000002171b6b0000 nmethod 383 0x000002171014bd08 code [0x000002171014be20, 0x000002171014bee8]
Event: 0.417 Thread 0x000002171b6b0000  382       1       java.security.CodeSource::getLocation (5 bytes)
Event: 0.417 Thread 0x000002171b6b0000 nmethod 382 0x000002171014c008 code [0x000002171014c120, 0x000002171014c1e8]
Event: 0.417 Thread 0x000002171b6b0000  384       1       jdk.internal.jimage.ImageHeader::getTableLength (5 bytes)
Event: 0.417 Thread 0x000002171b6b0000 nmethod 384 0x000002171014c308 code [0x000002171014c420, 0x000002171014c4e8]
Event: 0.417 Thread 0x000002171b6b0000  385   !   3       java.lang.invoke.MemberName::getMethodType (213 bytes)
Event: 0.418 Thread 0x000002171b6b0000 nmethod 385 0x00000217086d1e88 code [0x00000217086d20a0, 0x00000217086d33a8]
Event: 0.418 Thread 0x000002177ef039a0 nmethod 366 0x000002171014c608 code [0x000002171014c760, 0x000002171014cbe8]
Event: 0.418 Thread 0x000002177ef039a0  381       4       java.io.StreamTokenizer::nextToken (1266 bytes)
Event: 0.419 Thread 0x000002171b9622c0 nmethod 365 0x000002171014cd08 code [0x000002171014ce60, 0x000002171014d328]
Event: 0.419 Thread 0x000002171b9622c0  367       4       java.io.BufferedReader::implRead (88 bytes)
Event: 0.421 Thread 0x000002171b9622c0 nmethod 367 0x000002171014d408 code [0x000002171014d520, 0x000002171014d690]

GC Heap History (0 events):
No events

Dll operation events (8 events):
Event: 0.019 Loaded shared library C:\Users\haras\.jdks\openjdk-23.0.1\bin\java.dll
Event: 0.105 Loaded shared library C:\Users\haras\.jdks\openjdk-23.0.1\bin\jsvml.dll
Event: 0.199 Loaded shared library C:\Users\haras\.jdks\openjdk-23.0.1\bin\net.dll
Event: 0.202 Loaded shared library C:\Users\haras\.jdks\openjdk-23.0.1\bin\nio.dll
Event: 0.214 Loaded shared library C:\Users\haras\.jdks\openjdk-23.0.1\bin\zip.dll
Event: 0.225 Loaded shared library C:\Users\haras\.jdks\openjdk-23.0.1\bin\verify.dll
Event: 0.229 Loaded shared library C:\Users\haras\.jdks\openjdk-23.0.1\bin\jimage.dll
Event: 0.276 Loaded shared library C:\Users\haras\.jdks\openjdk-23.0.1\bin\attach.dll

Deoptimization events (2 events):
Event: 0.345 Thread 0x000002177be698d0 DEOPT PACKING pc=0x0000021708670228 sp=0x0000001f089fd9b0
Event: 0.345 Thread 0x000002177be698d0 DEOPT UNPACKING pc=0x000002170fbf4b22 sp=0x0000001f089fce38 mode 0

Classes loaded (20 events):
Event: 0.397 Loading class jdk/internal/jimage/ImageBufferCache
Event: 0.397 Loading class jdk/internal/jimage/ImageBufferCache done
Event: 0.397 Loading class jdk/internal/jimage/ImageBufferCache$1
Event: 0.397 Loading class jdk/internal/jimage/ImageBufferCache$1 done
Event: 0.397 Loading class jdk/internal/jimage/ImageBufferCache$2
Event: 0.397 Loading class jdk/internal/jimage/ImageBufferCache$2 done
Event: 0.397 Loading class java/util/AbstractMap$SimpleEntry
Event: 0.397 Loading class java/util/AbstractMap$SimpleEntry done
Event: 0.397 Loading class sun/nio/cs/StreamDecoder
Event: 0.397 Loading class sun/nio/cs/StreamDecoder done
Event: 0.398 Loading class sun/nio/cs/UTF_8$Decoder
Event: 0.398 Loading class sun/nio/cs/UTF_8$Decoder done
Event: 0.398 Loading class java/io/StreamTokenizer
Event: 0.398 Loading class java/io/StreamTokenizer done
Event: 0.415 Loading class java/lang/SecurityException
Event: 0.415 Loading class java/lang/SecurityException done
Event: 0.416 Loading class java/lang/ProcessHandle
Event: 0.416 Loading class java/lang/ProcessHandle done
Event: 0.417 Loading class java/lang/ProcessHandleImpl
Event: 0.417 Loading class java/lang/ProcessHandleImpl done

Classes unloaded (0 events):
No events

Classes redefined (0 events):
No events

Internal exceptions (3 events):
Event: 0.339 Thread 0x000002177be698d0 Exception <a 'java/lang/NoSuchMethodError'{0x00000000884f4a60}: 'java.lang.Object java.lang.invoke.DirectMethodHandle$Holder.newInvokeSpecial(java.lang.Object, java.lang.Object, int)'> (0x00000000884f4a60) 
thrown [s\open\src\hotspot\share\interpreter\linkResolver.cpp, line 796]
Event: 0.347 Thread 0x000002177be698d0 Exception <a 'java/lang/NoSuchMethodError'{0x0000000088309518}: 'java.lang.Object java.lang.invoke.DirectMethodHandle$Holder.invokeStatic(java.lang.Object, java.lang.Object, java.lang.Object, java.lang.Object, int)'> (0x0000000088309518) 
thrown [s\open\src\hotspot\share\interpreter\linkResolver.cpp, line 796]
Event: 0.352 Thread 0x000002177be698d0 Exception <a 'java/lang/NoSuchMethodError'{0x00000000883155e0}: 'int java.lang.invoke.DirectMethodHandle$Holder.invokeSpecial(java.lang.Object, java.lang.Object, java.lang.Object)'> (0x00000000883155e0) 
thrown [s\open\src\hotspot\share\interpreter\linkResolver.cpp, line 796]

VM Operations (2 events):
Event: 0.215 Executing VM operation: HandshakeAllThreads (Deoptimize)
Event: 0.215 Executing VM operation: HandshakeAllThreads (Deoptimize) done

Memory protections (0 events):
No events

Nmethod flushes (0 events):
No events

Events (12 events):
Event: 0.051 Thread 0x000002177be698d0 Thread added: 0x000002177be698d0
Event: 0.083 Thread 0x000002177be698d0 Thread added: 0x000002177eefafe0
Event: 0.084 Thread 0x000002177be698d0 Thread added: 0x000002177eefbf00
Event: 0.085 Thread 0x000002177be698d0 Thread added: 0x000002177eefece0
Event: 0.085 Thread 0x000002177be698d0 Thread added: 0x000002177ef01750
Event: 0.085 Thread 0x000002177be698d0 Thread added: 0x000002177ef021b0
Event: 0.085 Thread 0x000002177be698d0 Thread added: 0x000002177ef02c10
Event: 0.085 Thread 0x000002177be698d0 Thread added: 0x000002177ef039a0
Event: 0.115 Thread 0x000002177be698d0 Thread added: 0x000002171b6b0000
Event: 0.190 Thread 0x000002177be698d0 Thread added: 0x000002171b7966c0
Event: 0.195 Thread 0x000002177be698d0 Thread added: 0x000002171b799550
Event: 0.410 Thread 0x000002171b6b0000 Thread added: 0x000002171b9622c0


Dynamic libraries:
0x00007ff60a9f0000 - 0x00007ff60a9fe000 	C:\Users\haras\.jdks\openjdk-23.0.1\bin\java.exe
0x00007ffdbecf0000 - 0x00007ffdbeee8000 	C:\Windows\SYSTEM32\ntdll.dll
0x00007ffdbd470000 - 0x00007ffdbd532000 	C:\Windows\System32\KERNEL32.DLL
0x00007ffdbc390000 - 0x00007ffdbc68e000 	C:\Windows\System32\KERNELBASE.dll
0x00007ffdbcaa0000 - 0x00007ffdbcba0000 	C:\Windows\System32\ucrtbase.dll
0x00007ffdb8700000 - 0x00007ffdb8717000 	C:\Users\haras\.jdks\openjdk-23.0.1\bin\jli.dll
0x00007ffdb86e0000 - 0x00007ffdb86fb000 	C:\Users\haras\.jdks\openjdk-23.0.1\bin\VCRUNTIME140.dll
0x00007ffdbd940000 - 0x00007ffdbdadd000 	C:\Windows\System32\USER32.dll
0x00007ffdbc9d0000 - 0x00007ffdbc9f2000 	C:\Windows\System32\win32u.dll
0x00007ffdbeba0000 - 0x00007ffdbebcb000 	C:\Windows\System32\GDI32.dll
0x00007ffda2390000 - 0x00007ffda262a000 	C:\Windows\WinSxS\amd64_microsoft.windows.common-controls_6595b64144ccf1df_6.0.19041.4355_none_60b8b9eb71f62e16\COMCTL32.dll
0x00007ffdbc8b0000 - 0x00007ffdbc9c7000 	C:\Windows\System32\gdi32full.dll
0x00007ffdbd340000 - 0x00007ffdbd3de000 	C:\Windows\System32\msvcrt.dll
0x00007ffdbca00000 - 0x00007ffdbca9d000 	C:\Windows\System32\msvcp_win.dll
0x00007ffdbe990000 - 0x00007ffdbe9bf000 	C:\Windows\System32\IMM32.DLL
0x00007ffdb8660000 - 0x00007ffdb866c000 	C:\Users\haras\.jdks\openjdk-23.0.1\bin\vcruntime140_1.dll
0x00007ffd9e4b0000 - 0x00007ffd9e53e000 	C:\Users\haras\.jdks\openjdk-23.0.1\bin\msvcp140.dll
0x00007ffd5e6a0000 - 0x00007ffd5f3ef000 	C:\Users\haras\.jdks\openjdk-23.0.1\bin\server\jvm.dll
0x00007ffdbdd60000 - 0x00007ffdbde12000 	C:\Windows\System32\ADVAPI32.dll
0x00007ffdbdcc0000 - 0x00007ffdbdd60000 	C:\Windows\System32\sechost.dll
0x00007ffdbea70000 - 0x00007ffdbeb93000 	C:\Windows\System32\RPCRT4.dll
0x00007ffdbc7f0000 - 0x00007ffdbc817000 	C:\Windows\System32\bcrypt.dll
0x00007ffdbe1b0000 - 0x00007ffdbe21b000 	C:\Windows\System32\WS2_32.dll
0x00007ffdbc1f0000 - 0x00007ffdbc23b000 	C:\Windows\SYSTEM32\POWRPROF.dll
0x00007ffdae890000 - 0x00007ffdae8b7000 	C:\Windows\SYSTEM32\WINMM.dll
0x00007ffdb62e0000 - 0x00007ffdb62ea000 	C:\Windows\SYSTEM32\VERSION.dll
0x00007ffdbc1d0000 - 0x00007ffdbc1e2000 	C:\Windows\SYSTEM32\UMPDC.dll
0x00007ffdba230000 - 0x00007ffdba242000 	C:\Windows\SYSTEM32\kernel.appcore.dll
0x00007ffdb8650000 - 0x00007ffdb865a000 	C:\Users\haras\.jdks\openjdk-23.0.1\bin\jimage.dll
0x00007ffdb5de0000 - 0x00007ffdb5fc4000 	C:\Windows\SYSTEM32\DBGHELP.DLL
0x00007ffdb5a90000 - 0x00007ffdb5ac4000 	C:\Windows\SYSTEM32\dbgcore.DLL
0x00007ffdbc820000 - 0x00007ffdbc8a2000 	C:\Windows\System32\bcryptPrimitives.dll
0x00007ffdb8630000 - 0x00007ffdb864e000 	C:\Users\haras\.jdks\openjdk-23.0.1\bin\java.dll
0x00007ffdbdae0000 - 0x00007ffdbdc0b000 	C:\Windows\System32\ole32.dll
0x00007ffdbd5c0000 - 0x00007ffdbd913000 	C:\Windows\System32\combase.dll
0x00007ffdbe220000 - 0x00007ffdbe98f000 	C:\Windows\System32\SHELL32.dll
0x00007ffdba430000 - 0x00007ffdbabd4000 	C:\Windows\SYSTEM32\windows.storage.dll
0x00007ffdbbcf0000 - 0x00007ffdbbd1e000 	C:\Windows\SYSTEM32\Wldp.dll
0x00007ffdbd210000 - 0x00007ffdbd2dd000 	C:\Windows\System32\OLEAUT32.dll
0x00007ffdbdc10000 - 0x00007ffdbdcbd000 	C:\Windows\System32\SHCORE.dll
0x00007ffdbd540000 - 0x00007ffdbd595000 	C:\Windows\System32\shlwapi.dll
0x00007ffdbc2c0000 - 0x00007ffdbc2e4000 	C:\Windows\SYSTEM32\profapi.dll
0x00007ffd9d1b0000 - 0x00007ffd9d287000 	C:\Users\haras\.jdks\openjdk-23.0.1\bin\jsvml.dll
0x00007ffdb85f0000 - 0x00007ffdb8600000 	C:\Users\haras\.jdks\openjdk-23.0.1\bin\net.dll
0x00007ffdbba50000 - 0x00007ffdbbaba000 	C:\Windows\system32\mswsock.dll
0x00007ffdb6030000 - 0x00007ffdb6046000 	C:\Users\haras\.jdks\openjdk-23.0.1\bin\nio.dll
0x00007ffdb8600000 - 0x00007ffdb8617000 	C:\Users\haras\.jdks\openjdk-23.0.1\bin\zip.dll
0x00007ffdb3b30000 - 0x00007ffdb3b40000 	C:\Users\haras\.jdks\openjdk-23.0.1\bin\verify.dll
0x00007ffdb1700000 - 0x00007ffdb1709000 	C:\Users\haras\.jdks\openjdk-23.0.1\bin\attach.dll
0x00007ffdbd920000 - 0x00007ffdbd928000 	C:\Windows\System32\PSAPI.DLL

dbghelp: loaded successfully - version: 4.0.5 - missing functions: none
symbol engine: initialized successfully - sym options: 0x614 - pdb path: .;C:\Users\haras\.jdks\openjdk-23.0.1\bin;C:\Windows\SYSTEM32;C:\Windows\WinSxS\amd64_microsoft.windows.common-controls_6595b64144ccf1df_6.0.19041.4355_none_60b8b9eb71f62e16;C:\Users\haras\.jdks\openjdk-23.0.1\bin\server

VM Arguments:
jvm_args: -Dnet.bytebuddy.agent.attacher.dump= 
java_command: net.bytebuddy.agent.Attacher com.sun.tools.attach.VirtualMachine 8056 C:\Users\haras\.m2\repository\net\bytebuddy\byte-buddy-agent\1.14.19\byte-buddy-agent-1.14.19.jar false 
java_class_path (initial): C:\Users\haras\.m2\repository\net\bytebuddy\byte-buddy-agent\1.14.19\byte-buddy-agent-1.14.19.jar
Launcher Type: SUN_STANDARD

[Global flags]
     intx CICompilerCount                          = 3                                         {product} {ergonomic}
     uint ConcGCThreads                            = 1                                         {product} {ergonomic}
     uint G1ConcRefinementThreads                  = 4                                         {product} {ergonomic}
   size_t G1HeapRegionSize                         = 1048576                                   {product} {ergonomic}
   size_t InitialHeapSize                          = 134217728                                 {product} {ergonomic}
   size_t MarkStackSize                            = 4194304                                   {product} {ergonomic}
   size_t MarkStackSizeMax                         = 536870912                                 {product} {ergonomic}
   size_t MaxHeapSize                              = 2141192192                                {product} {ergonomic}
   size_t MaxNewSize                               = 1284505600                                {product} {ergonomic}
   size_t MinHeapDeltaBytes                        = 1048576                                   {product} {ergonomic}
   size_t MinHeapSize                              = 8388608                                   {product} {ergonomic}
    uintx NonNMethodCodeHeapSize                   = 5832704                                {pd product} {ergonomic}
    uintx NonProfiledCodeHeapSize                  = 122945536                              {pd product} {ergonomic}
    uintx ProfiledCodeHeapSize                     = 122880000                              {pd product} {ergonomic}
    uintx ReservedCodeCacheSize                    = 251658240                              {pd product} {ergonomic}
     bool SegmentedCodeCache                       = true                                      {product} {ergonomic}
   size_t SoftMaxHeapSize                          = 2141192192                             {manageable} {ergonomic}
     bool UseCompressedOops                        = true                           {product lp64_product} {ergonomic}
     bool UseG1GC                                  = true                                      {product} {ergonomic}
     bool UseLargePagesIndividualAllocation        = false                                  {pd product} {ergonomic}

Logging:
Log output configuration:
 #0: stdout all=warning uptime,level,tags foldmultilines=false
 #1: stderr all=off uptime,level,tags foldmultilines=false

Environment Variables:
PATH=C:\Windows\system32;C:\Windows;C:\Windows\System32\Wbem;C:\Windows\System32\WindowsPowerShell\v1.0\;C:\Windows\System32\OpenSSH\;C:\Users\haras\AppData\Local\Microsoft\WindowsApps;
USERNAME=haras
OS=Windows_NT
PROCESSOR_IDENTIFIER=Intel64 Family 6 Model 58 Stepping 9, GenuineIntel
TMP=C:\Users\haras\AppData\Local\Temp
TEMP=C:\Users\haras\AppData\Local\Temp




Periodic native trim disabled

---------------  S Y S T E M  ---------------

OS:
 Windows 10 , 64 bit Build 19041 (10.0.19041.4957)
OS uptime: 0 days 0:34 hours

CPU: total 4 (initial active 4) (4 cores per cpu, 1 threads per core) family 6 model 58 stepping 9 microcode 0x21, cx8, cmov, fxsr, mmx, sse, sse2, sse3, ssse3, sse4.1, sse4.2, popcnt, tsc, tscinvbit, avx, aes, erms, clmul, vzeroupper, clflush, rdtscp, f16c
Processor Information for the first 4 processors :
  Max Mhz: 2100, Current Mhz: 2100, Mhz Limit: 2100

Memory: 4k page, system-wide physical 8160M (1228M free)
TotalPageFile size 11108M (AvailPageFile size 1304M)
current process WorkingSet (physical memory assigned to process): 44M, peak: 45M
current process commit charge ("private bytes"): 208M, peak: 208M

vm_info: OpenJDK 64-Bit Server VM (23.0.1+11-39) for windows-amd64 JRE (23.0.1+11-39), built on 2024-09-30T07:20:43Z with MS VC++ 17.6 (VS2022)

END.
